[2026-02-05 22:06:35 +0000] [584934] [INFO] Starting gunicorn 23.0.0
[2026-02-05 22:06:35 +0000] [584934] [INFO] Listening at: http://0.0.0.0:3000 (584934)
[2026-02-05 22:06:35 +0000] [584934] [INFO] Using worker: sync
[2026-02-05 22:06:35 +0000] [584940] [INFO] Booting worker with pid: 584940
============================================================
EARTHQUAKE PREDICTION SERVER
============================================================
Device: cpu
Model: n_embed=1176, T=512, heads=8, layers=6
Hybrid: M2.0+ input, M4.0+ targets

Loading hybrid data...
Database connection established
Loaded 1,490,072 records (M2.0+)
  Training targets (M4.0+): 520,589 (34.9%)
  Warning: depth max 651 exceeds model limit 200, will be clamped

Loading model...
[2026-02-05 22:07:04.057420] Loading model...
Database connection established
Loaded 1,490,072 records (M2.0+)
  Training targets (M4.0+): 520,589 (34.9%)
  Warning: depth max 651 exceeds model limit 200, will be clamped
No checkpoint found, using random weights

Checking for active prediction...
Active prediction found: #1 (80.4 minutes remaining)

Starting scheduler...
Scheduler started: monitoring every 120 seconds
============================================================
Server ready! Monitoring every 120 seconds.
============================================================
[2026-02-05 22:09:34.649133] New checkpoint detected: eqModel_complex_20260205_220753.pth
[2026-02-05 22:09:38.955357] Reloaded weights: eqModel_complex_20260205_220753.pth
[EMSC] Fetched 254 earthquakes for last 1 day(s)
Batch inserted 254 earthquakes
Executed ins_quakes()
Calculating global M4+ dt for 4 new records...
Done calculating global M4+ dt for 4 records
[2026-02-05 22:09:47.498975] Status: pending - {'action': 'pending', 'prediction_id': 1, 'remaining_minutes': 78.1}
[EMSC] Fetched 253 earthquakes for last 1 day(s)
Batch inserted 253 earthquakes
Executed ins_quakes()
[2026-02-05 22:11:36.996587] Status: pending - {'action': 'pending', 'prediction_id': 1, 'remaining_minutes': 76.3}
[EMSC] Fetched 253 earthquakes for last 1 day(s)
Batch inserted 253 earthquakes
Executed ins_quakes()
[2026-02-05 22:13:36.945500] Status: pending - {'action': 'pending', 'prediction_id': 1, 'remaining_minutes': 74.3}
[2026-02-05 22:15:34.648725] New checkpoint detected: eqModel_complex_20260205_221531.pth
[2026-02-05 22:15:36.648979] Checkpoint still being written, skipping this cycle
[EMSC] Fetched 254 earthquakes for last 1 day(s)
Batch inserted 254 earthquakes
Executed ins_quakes()
Calculating global M4+ dt for 1 new records...
Connection ping failed: bytearray index out of range, reconnecting...
Database connection established
Connection ping failed: bytearray index out of range, reconnecting...
Database connection established
Done calculating global M4+ dt for 1 records
[2026-02-05 22:15:44.191876] Status: pending - {'action': 'pending', 'prediction_id': 1, 'remaining_minutes': 72.2}
[2026-02-05 22:17:34.648724] New checkpoint detected: eqModel_complex_20260205_221531.pth
[2026-02-05 22:17:38.077801] Reloaded weights: eqModel_complex_20260205_221531.pth
[EMSC] Fetched 254 earthquakes for last 1 day(s)
Batch inserted 254 earthquakes
Executed ins_quakes()
[2026-02-05 22:17:40.332140] Status: pending - {'action': 'pending', 'prediction_id': 1, 'remaining_minutes': 70.3}
[EMSC] Fetched 255 earthquakes for last 1 day(s)
Batch inserted 255 earthquakes
Executed ins_quakes()
Calculating global M4+ dt for 1 new records...
Connection ping failed: bytearray index out of range, reconnecting...
Error batch calc_dt: bytearray index out of range
Traceback (most recent call last):
  File "/var/www/syshuman/quake/DataClass.py", line 864, in usgs2DB
    self.mydb.commit()
  File "/var/www/syshuman/quake/venv/lib/python3.12/site-packages/mysql/connector/connection.py", line 1456, in commit
    self._execute_query("COMMIT")
  File "/var/www/syshuman/quake/venv/lib/python3.12/site-packages/mysql/connector/connection.py", line 1475, in _execute_query
    self.cmd_query(query)
  File "/var/www/syshuman/quake/venv/lib/python3.12/site-packages/mysql/connector/opentelemetry/context_propagation.py", line 97, in wrapper
    return method(cnx, *args, **kwargs)
           ^^^^^^^^^^^^^^^^^^^^^^^^^^^^
  File "/var/www/syshuman/quake/venv/lib/python3.12/site-packages/mysql/connector/_decorating.py", line 89, in handle_cnx_method
    raise err
  File "/var/www/syshuman/quake/venv/lib/python3.12/site-packages/mysql/connector/_decorating.py", line 85, in handle_cnx_method
    return cnx_method(cnx, *args, **kwargs)
           ^^^^^^^^^^^^^^^^^^^^^^^^^^^^^^^^
  File "/var/www/syshuman/quake/venv/lib/python3.12/site-packages/mysql/connector/connection.py", line 984, in cmd_query
    result = self._handle_result(
             ^^^^^^^^^^^^^^^^^^^^
  File "/var/www/syshuman/quake/venv/lib/python3.12/site-packages/mysql/connector/_decorating.py", line 89, in handle_cnx_method
    raise err
  File "/var/www/syshuman/quake/venv/lib/python3.12/site-packages/mysql/connector/_decorating.py", line 85, in handle_cnx_method
    return cnx_method(cnx, *args, **kwargs)
           ^^^^^^^^^^^^^^^^^^^^^^^^^^^^^^^^
  File "/var/www/syshuman/quake/venv/lib/python3.12/site-packages/mysql/connector/connection.py", line 737, in _handle_result
    if packet[4] == OK_STATUS:
       ~~~~~~^^^
IndexError: bytearray index out of range
Database connection established
[2026-02-05 22:19:41.803267] Status: pending - {'action': 'pending', 'prediction_id': 1, 'remaining_minutes': 68.2}
[EMSC] Fetched 255 earthquakes for last 1 day(s)
Batch inserted 255 earthquakes
Executed ins_quakes()
[2026-02-05 22:21:36.825706] Status: pending - {'action': 'pending', 'prediction_id': 1, 'remaining_minutes': 66.3}
[EMSC] Fetched 252 earthquakes for last 1 day(s)
Batch inserted 252 earthquakes
Executed ins_quakes()
[2026-02-05 22:23:36.959690] Status: pending - {'action': 'pending', 'prediction_id': 1, 'remaining_minutes': 64.3}
[2026-02-05 22:25:34.648729] New checkpoint detected: eqModel_complex_20260205_222338.pth
[2026-02-05 22:25:38.058038] Reloaded weights: eqModel_complex_20260205_222338.pth
[EMSC] Fetched 252 earthquakes for last 1 day(s)
Batch inserted 252 earthquakes
Executed ins_quakes()
[2026-02-05 22:25:40.192707] Status: pending - {'action': 'pending', 'prediction_id': 1, 'remaining_minutes': 62.3}
[EMSC] Fetched 252 earthquakes for last 1 day(s)
Batch inserted 252 earthquakes
Executed ins_quakes()
[2026-02-05 22:27:36.811360] Status: pending - {'action': 'pending', 'prediction_id': 1, 'remaining_minutes': 60.3}
[EMSC] Fetched 251 earthquakes for last 1 day(s)
Connection ping failed: bytearray index out of range, reconnecting...
Batch inserted 251 earthquakes
Database connection established
Executed ins_quakes()
[2026-02-05 22:29:37.008977] Status: pending - {'action': 'pending', 'prediction_id': 1, 'remaining_minutes': 58.3}
[EMSC] Fetched 249 earthquakes for last 1 day(s)
Batch inserted 249 earthquakes
Executed ins_quakes()
[2026-02-05 22:31:36.835407] Status: pending - {'action': 'pending', 'prediction_id': 1, 'remaining_minutes': 56.3}
[2026-02-05 22:33:34.648748] New checkpoint detected: eqModel_complex_20260205_223205.pth
[2026-02-05 22:33:38.055077] Reloaded weights: eqModel_complex_20260205_223205.pth
[EMSC] Fetched 249 earthquakes for last 1 day(s)
Batch inserted 249 earthquakes
Executed ins_quakes()
[2026-02-05 22:33:40.262152] Status: pending - {'action': 'pending', 'prediction_id': 1, 'remaining_minutes': 54.3}
[EMSC] Fetched 249 earthquakes for last 1 day(s)
Connection ping failed: bytearray index out of range, reconnecting...
Batch inserted 249 earthquakes
Database connection established
Executed ins_quakes()
[2026-02-05 22:35:37.151580] Status: pending - {'action': 'pending', 'prediction_id': 1, 'remaining_minutes': 52.3}
[EMSC] Fetched 249 earthquakes for last 1 day(s)
Batch inserted 249 earthquakes
Executed ins_quakes()
Calculating global M4+ dt for 1 new records...
Error batch calc_dt: bytearray index out of range
Fetch failed (attempt 1): bytearray index out of range, reconnecting...
Traceback (most recent call last):
  File "/var/www/syshuman/quake/DataClass.py", line 860, in usgs2DB
    self.mydb.commit()
  File "/var/www/syshuman/quake/venv/lib/python3.12/site-packages/mysql/connector/connection.py", line 1456, in commit
    self._execute_query("COMMIT")
  File "/var/www/syshuman/quake/venv/lib/python3.12/site-packages/mysql/connector/connection.py", line 1475, in _execute_query
    self.cmd_query(query)
  File "/var/www/syshuman/quake/venv/lib/python3.12/site-packages/mysql/connector/opentelemetry/context_propagation.py", line 97, in wrapper
    return method(cnx, *args, **kwargs)
           ^^^^^^^^^^^^^^^^^^^^^^^^^^^^
  File "/var/www/syshuman/quake/venv/lib/python3.12/site-packages/mysql/connector/_decorating.py", line 89, in handle_cnx_method
    raise err
  File "/var/www/syshuman/quake/venv/lib/python3.12/site-packages/mysql/connector/_decorating.py", line 85, in handle_cnx_method
    return cnx_method(cnx, *args, **kwargs)
           ^^^^^^^^^^^^^^^^^^^^^^^^^^^^^^^^
  File "/var/www/syshuman/quake/venv/lib/python3.12/site-packages/mysql/connector/connection.py", line 984, in cmd_query
    result = self._handle_result(
             ^^^^^^^^^^^^^^^^^^^^
  File "/var/www/syshuman/quake/venv/lib/python3.12/site-packages/mysql/connector/_decorating.py", line 89, in handle_cnx_method
    raise err
  File "/var/www/syshuman/quake/venv/lib/python3.12/site-packages/mysql/connector/_decorating.py", line 85, in handle_cnx_method
    return cnx_method(cnx, *args, **kwargs)
           ^^^^^^^^^^^^^^^^^^^^^^^^^^^^^^^^
  File "/var/www/syshuman/quake/venv/lib/python3.12/site-packages/mysql/connector/connection.py", line 737, in _handle_result
    if packet[4] == OK_STATUS:
       ~~~~~~^^^
IndexError: bytearray index out of range
Database connection established
[2026-02-05 22:37:42.163133] Status: pending - {'action': 'pending', 'prediction_id': 1, 'remaining_minutes': 50.2}
[EMSC] Fetched 249 earthquakes for last 1 day(s)
Batch inserted 249 earthquakes
Executed ins_quakes()
Calculating global M4+ dt for 1 new records...
Connection ping failed: bytearray index out of range, reconnecting...
Database connection established
Connection ping failed: bytearray index out of range, reconnecting...
Database connection established
Error batch calc_dt: bytearray index out of range
Traceback (most recent call last):
Fetch failed (attempt 1): bytearray index out of range, reconnecting...
  File "/var/www/syshuman/quake/DataClass.py", line 867, in usgs2DB
    self.mydb.commit()
  File "/var/www/syshuman/quake/venv/lib/python3.12/site-packages/mysql/connector/connection.py", line 1456, in commit
    self._execute_query("COMMIT")
  File "/var/www/syshuman/quake/venv/lib/python3.12/site-packages/mysql/connector/connection.py", line 1475, in _execute_query
    self.cmd_query(query)
  File "/var/www/syshuman/quake/venv/lib/python3.12/site-packages/mysql/connector/opentelemetry/context_propagation.py", line 97, in wrapper
    return method(cnx, *args, **kwargs)
           ^^^^^^^^^^^^^^^^^^^^^^^^^^^^
  File "/var/www/syshuman/quake/venv/lib/python3.12/site-packages/mysql/connector/_decorating.py", line 89, in handle_cnx_method
    raise err
  File "/var/www/syshuman/quake/venv/lib/python3.12/site-packages/mysql/connector/_decorating.py", line 85, in handle_cnx_method
    return cnx_method(cnx, *args, **kwargs)
           ^^^^^^^^^^^^^^^^^^^^^^^^^^^^^^^^
  File "/var/www/syshuman/quake/venv/lib/python3.12/site-packages/mysql/connector/connection.py", line 984, in cmd_query
    result = self._handle_result(
             ^^^^^^^^^^^^^^^^^^^^
  File "/var/www/syshuman/quake/venv/lib/python3.12/site-packages/mysql/connector/_decorating.py", line 89, in handle_cnx_method
    raise err
  File "/var/www/syshuman/quake/venv/lib/python3.12/site-packages/mysql/connector/_decorating.py", line 85, in handle_cnx_method
    return cnx_method(cnx, *args, **kwargs)
           ^^^^^^^^^^^^^^^^^^^^^^^^^^^^^^^^
  File "/var/www/syshuman/quake/venv/lib/python3.12/site-packages/mysql/connector/connection.py", line 737, in _handle_result
    if packet[4] == OK_STATUS:
       ~~~~~~^^^
IndexError: bytearray index out of range
Database connection established
[2026-02-05 22:39:42.646740] Status: pending - {'action': 'pending', 'prediction_id': 1, 'remaining_minutes': 48.2}
[2026-02-05 22:41:34.648770] New checkpoint detected: eqModel_complex_20260205_224014.pth
[2026-02-05 22:41:38.074400] Reloaded weights: eqModel_complex_20260205_224014.pth
[EMSC] Fetched 249 earthquakes for last 1 day(s)
Batch inserted 249 earthquakes
Executed ins_quakes()
[2026-02-05 22:41:40.243211] Status: pending - {'action': 'pending', 'prediction_id': 1, 'remaining_minutes': 46.3}
[EMSC] Fetched 248 earthquakes for last 1 day(s)
Batch inserted 248 earthquakes
Executed ins_quakes()
[2026-02-05 22:43:37.254290] Status: pending - {'action': 'pending', 'prediction_id': 1, 'remaining_minutes': 44.3}
[EMSC] Fetched 248 earthquakes for last 1 day(s)
Connection ping failed: bytearray index out of range, reconnecting...
Batch insert error: 2055: Lost connection to MySQL server at '192.168.1.166:3306', system error: Errno 9: Bad file descriptor
Database connection established
Executed ins_quakes()
[2026-02-05 22:45:36.877486] Status: pending - {'action': 'pending', 'prediction_id': 1, 'remaining_minutes': 42.3}
[EMSC] Fetched 248 earthquakes for last 1 day(s)
Batch inserted 248 earthquakes
Executed ins_quakes()
[2026-02-05 22:47:36.851968] Status: pending - {'action': 'pending', 'prediction_id': 1, 'remaining_minutes': 40.3}
[2026-02-05 22:49:34.648747] New checkpoint detected: eqModel_complex_20260205_224818.pth
[2026-02-05 22:49:38.055444] Reloaded weights: eqModel_complex_20260205_224818.pth
[EMSC] Fetched 247 earthquakes for last 1 day(s)
Batch inserted 247 earthquakes
Executed ins_quakes()
[2026-02-05 22:49:40.441645] Status: pending - {'action': 'pending', 'prediction_id': 1, 'remaining_minutes': 38.3}
[EMSC] Fetched 247 earthquakes for last 1 day(s)
Batch inserted 247 earthquakes
Executed ins_quakes()
[2026-02-05 22:51:36.883260] Status: pending - {'action': 'pending', 'prediction_id': 1, 'remaining_minutes': 36.3}
[2026-02-05 22:52:16 +0000] [584940] [WARNING] Invalid request from ip=162.142.125.118: Invalid HTTP Version: (2, 0)
[EMSC] Fetched 248 earthquakes for last 1 day(s)
Connection ping failed: bytearray index out of range, reconnecting...
Batch insert error: bytearray index out of range
Database connection established
Executed ins_quakes()
Calculating global M4+ dt for 1 new records...
Connection ping failed: bytearray index out of range, reconnecting...
Error batch calc_dt: bytearray index out of range
Traceback (most recent call last):
  File "/var/www/syshuman/quake/DataClass.py", line 860, in usgs2DB
    self.mydb.commit()
  File "/var/www/syshuman/quake/venv/lib/python3.12/site-packages/mysql/connector/connection.py", line 1456, in commit
    self._execute_query("COMMIT")
  File "/var/www/syshuman/quake/venv/lib/python3.12/site-packages/mysql/connector/connection.py", line 1475, in _execute_query
    self.cmd_query(query)
  File "/var/www/syshuman/quake/venv/lib/python3.12/site-packages/mysql/connector/opentelemetry/context_propagation.py", line 97, in wrapper
    return method(cnx, *args, **kwargs)
           ^^^^^^^^^^^^^^^^^^^^^^^^^^^^
  File "/var/www/syshuman/quake/venv/lib/python3.12/site-packages/mysql/connector/_decorating.py", line 89, in handle_cnx_method
    raise err
  File "/var/www/syshuman/quake/venv/lib/python3.12/site-packages/mysql/connector/_decorating.py", line 85, in handle_cnx_method
    return cnx_method(cnx, *args, **kwargs)
           ^^^^^^^^^^^^^^^^^^^^^^^^^^^^^^^^
  File "/var/www/syshuman/quake/venv/lib/python3.12/site-packages/mysql/connector/connection.py", line 984, in cmd_query
    result = self._handle_result(
             ^^^^^^^^^^^^^^^^^^^^
  File "/var/www/syshuman/quake/venv/lib/python3.12/site-packages/mysql/connector/_decorating.py", line 89, in handle_cnx_method
    raise err
  File "/var/www/syshuman/quake/venv/lib/python3.12/site-packages/mysql/connector/_decorating.py", line 85, in handle_cnx_method
    return cnx_method(cnx, *args, **kwargs)
           ^^^^^^^^^^^^^^^^^^^^^^^^^^^^^^^^
  File "/var/www/syshuman/quake/venv/lib/python3.12/site-packages/mysql/connector/connection.py", line 737, in _handle_result
    if packet[4] == OK_STATUS:
       ~~~~~~^^^
IndexError: bytearray index out of range
Database connection established
[2026-02-05 22:53:41.853297] Status: pending - {'action': 'pending', 'prediction_id': 1, 'remaining_minutes': 34.2}
[EMSC] Fetched 248 earthquakes for last 1 day(s)
Connection ping failed: bytearray index out of range, reconnecting...
Batch inserted 248 earthquakes
Database connection established
Executed ins_quakes()
Calculating global M4+ dt for 1 new records...
Connection ping failed: bytearray index out of range, reconnecting...
Error batch calc_dt: 2055: Lost connection to MySQL server at '192.168.1.166:3306', system error: Errno 9: Bad file descriptor
Traceback (most recent call last):
  File "/var/www/syshuman/quake/venv/lib/python3.12/site-packages/mysql/connector/network.py", line 244, in recv
    return header + self._recv_chunk(sock, size=payload_len)
                    ^^^^^^^^^^^^^^^^^^^^^^^^^^^^^^^^^^^^^^^^
  File "/var/www/syshuman/quake/venv/lib/python3.12/site-packages/mysql/connector/network.py", line 180, in _recv_chunk
    read = sock.recv_into(pkt_view, size)
           ^^^^^^^^^^^^^^^^^^^^^^^^^^^^^^
OSError: [Errno 9] Bad file descriptor

The above exception was the direct cause of the following exception:

Traceback (most recent call last):
  File "/var/www/syshuman/quake/DataClass.py", line 860, in usgs2DB
    self.mydb.commit()
  File "/var/www/syshuman/quake/venv/lib/python3.12/site-packages/mysql/connector/connection.py", line 1456, in commit
    self._execute_query("COMMIT")
  File "/var/www/syshuman/quake/venv/lib/python3.12/site-packages/mysql/connector/connection.py", line 1475, in _execute_query
    self.cmd_query(query)
  File "/var/www/syshuman/quake/venv/lib/python3.12/site-packages/mysql/connector/opentelemetry/context_propagation.py", line 97, in wrapper
    return method(cnx, *args, **kwargs)
           ^^^^^^^^^^^^^^^^^^^^^^^^^^^^
  File "/var/www/syshuman/quake/venv/lib/python3.12/site-packages/mysql/connector/_decorating.py", line 89, in handle_cnx_method
    raise err
  File "/var/www/syshuman/quake/venv/lib/python3.12/site-packages/mysql/connector/_decorating.py", line 85, in handle_cnx_method
    return cnx_method(cnx, *args, **kwargs)
           ^^^^^^^^^^^^^^^^^^^^^^^^^^^^^^^^
  File "/var/www/syshuman/quake/venv/lib/python3.12/site-packages/mysql/connector/connection.py", line 985, in cmd_query
    self._send_cmd(
  File "/var/www/syshuman/quake/venv/lib/python3.12/site-packages/mysql/connector/_decorating.py", line 89, in handle_cnx_method
    raise err
  File "/var/www/syshuman/quake/venv/lib/python3.12/site-packages/mysql/connector/_decorating.py", line 85, in handle_cnx_method
    return cnx_method(cnx, *args, **kwargs)
           ^^^^^^^^^^^^^^^^^^^^^^^^^^^^^^^^
  File "/var/www/syshuman/quake/venv/lib/python3.12/site-packages/mysql/connector/connection.py", line 514, in _send_cmd
    self._socket.recv(read_timeout or self._read_timeout)
  File "/var/www/syshuman/quake/venv/lib/python3.12/site-packages/mysql/connector/network.py", line 668, in recv
    return self._netbroker.recv(self.sock, self.address)
           ^^^^^^^^^^^^^^^^^^^^^^^^^^^^^^^^^^^^^^^^^^^^^
  File "/var/www/syshuman/quake/venv/lib/python3.12/site-packages/mysql/connector/network.py", line 248, in recv
    raise OperationalError(
mysql.connector.errors.OperationalError: 2055: Lost connection to MySQL server at '192.168.1.166:3306', system error: Errno 9: Bad file descriptor
Database connection established
[2026-02-05 22:55:41.851843] Status: pending - {'action': 'pending', 'prediction_id': 1, 'remaining_minutes': 32.2}
[2026-02-05 22:57:34.648767] New checkpoint detected: eqModel_complex_20260205_225624.pth
[2026-02-05 22:57:38.087160] Reloaded weights: eqModel_complex_20260205_225624.pth
[EMSC] Fetched 247 earthquakes for last 1 day(s)
Batch inserted 247 earthquakes
Executed ins_quakes()
Calculating global M4+ dt for 1 new records...
Done calculating global M4+ dt for 1 records
[2026-02-05 22:57:45.679921] Status: pending - {'action': 'pending', 'prediction_id': 1, 'remaining_minutes': 30.2}
[EMSC] Fetched 246 earthquakes for last 1 day(s)
Batch inserted 246 earthquakes
Executed ins_quakes()
[2026-02-05 22:59:36.827452] Status: pending - {'action': 'pending', 'prediction_id': 1, 'remaining_minutes': 28.3}
[EMSC] Fetched 246 earthquakes for last 1 day(s)
Batch inserted 246 earthquakes
Executed ins_quakes()
[2026-02-05 23:01:36.837907] Status: pending - {'action': 'pending', 'prediction_id': 1, 'remaining_minutes': 26.3}
[EMSC] Fetched 246 earthquakes for last 1 day(s)
Connection ping failed: bytearray index out of range, reconnecting...
Batch inserted 246 earthquakes
Database connection established
Executed ins_quakes()
[2026-02-05 23:03:36.972461] Status: pending - {'action': 'pending', 'prediction_id': 1, 'remaining_minutes': 24.3}
[2026-02-05 23:05:34.648719] New checkpoint detected: eqModel_complex_20260205_230425.pth
[2026-02-05 23:05:38.035069] Reloaded weights: eqModel_complex_20260205_230425.pth
[EMSC] Fetched 246 earthquakes for last 1 day(s)
Batch inserted 246 earthquakes
Executed ins_quakes()
[2026-02-05 23:05:40.347495] Status: pending - {'action': 'pending', 'prediction_id': 1, 'remaining_minutes': 22.3}
[EMSC] Fetched 246 earthquakes for last 1 day(s)
Batch inserted 246 earthquakes
Executed ins_quakes()
[2026-02-05 23:07:36.754272] Status: pending - {'action': 'pending', 'prediction_id': 1, 'remaining_minutes': 20.3}
[EMSC] Fetched 247 earthquakes for last 1 day(s)
Batch inserted 247 earthquakes
Executed ins_quakes()
Calculating global M4+ dt for 1 new records...
Error batch calc_dt: bytearray index out of range
Traceback (most recent call last):
  File "/var/www/syshuman/quake/DataClass.py", line 860, in usgs2DB
    self.mydb.commit()
  File "/var/www/syshuman/quake/venv/lib/python3.12/site-packages/mysql/connector/connection.py", line 1456, in commit
    self._execute_query("COMMIT")
  File "/var/www/syshuman/quake/venv/lib/python3.12/site-packages/mysql/connector/connection.py", line 1475, in _execute_query
    self.cmd_query(query)
  File "/var/www/syshuman/quake/venv/lib/python3.12/site-packages/mysql/connector/opentelemetry/context_propagation.py", line 97, in wrapper
    return method(cnx, *args, **kwargs)
           ^^^^^^^^^^^^^^^^^^^^^^^^^^^^
Fetch failed (attempt 1): bytearray index out of range, reconnecting...
  File "/var/www/syshuman/quake/venv/lib/python3.12/site-packages/mysql/connector/_decorating.py", line 89, in handle_cnx_method
    raise err
  File "/var/www/syshuman/quake/venv/lib/python3.12/site-packages/mysql/connector/_decorating.py", line 85, in handle_cnx_method
    return cnx_method(cnx, *args, **kwargs)
           ^^^^^^^^^^^^^^^^^^^^^^^^^^^^^^^^
  File "/var/www/syshuman/quake/venv/lib/python3.12/site-packages/mysql/connector/connection.py", line 984, in cmd_query
    result = self._handle_result(
             ^^^^^^^^^^^^^^^^^^^^
  File "/var/www/syshuman/quake/venv/lib/python3.12/site-packages/mysql/connector/_decorating.py", line 89, in handle_cnx_method
    raise err
  File "/var/www/syshuman/quake/venv/lib/python3.12/site-packages/mysql/connector/_decorating.py", line 85, in handle_cnx_method
    return cnx_method(cnx, *args, **kwargs)
           ^^^^^^^^^^^^^^^^^^^^^^^^^^^^^^^^
  File "/var/www/syshuman/quake/venv/lib/python3.12/site-packages/mysql/connector/connection.py", line 737, in _handle_result
    if packet[4] == OK_STATUS:
       ~~~~~~^^^
IndexError: bytearray index out of range
Database connection established
[2026-02-05 23:09:41.646578] Status: pending - {'action': 'pending', 'prediction_id': 1, 'remaining_minutes': 18.2}
[EMSC] Fetched 246 earthquakes for last 1 day(s)
Batch insert error: bytearray index out of range
Connection ping failed: bytearray index out of range, reconnecting...
Database connection established
Executed ins_quakes()
Calculating global M4+ dt for 1 new records...
Error batch calc_dt: bytearray index out of range
Traceback (most recent call last):
  File "/var/www/syshuman/quake/DataClass.py", line 864, in usgs2DB
    self.mydb.commit()
Connection ping failed: bytearray index out of range, reconnecting...
  File "/var/www/syshuman/quake/venv/lib/python3.12/site-packages/mysql/connector/connection.py", line 1456, in commit
    self._execute_query("COMMIT")
  File "/var/www/syshuman/quake/venv/lib/python3.12/site-packages/mysql/connector/connection.py", line 1475, in _execute_query
    self.cmd_query(query)
  File "/var/www/syshuman/quake/venv/lib/python3.12/site-packages/mysql/connector/opentelemetry/context_propagation.py", line 97, in wrapper
    return method(cnx, *args, **kwargs)
           ^^^^^^^^^^^^^^^^^^^^^^^^^^^^
  File "/var/www/syshuman/quake/venv/lib/python3.12/site-packages/mysql/connector/_decorating.py", line 89, in handle_cnx_method
    raise err
  File "/var/www/syshuman/quake/venv/lib/python3.12/site-packages/mysql/connector/_decorating.py", line 85, in handle_cnx_method
    return cnx_method(cnx, *args, **kwargs)
           ^^^^^^^^^^^^^^^^^^^^^^^^^^^^^^^^
  File "/var/www/syshuman/quake/venv/lib/python3.12/site-packages/mysql/connector/connection.py", line 984, in cmd_query
    result = self._handle_result(
             ^^^^^^^^^^^^^^^^^^^^
  File "/var/www/syshuman/quake/venv/lib/python3.12/site-packages/mysql/connector/_decorating.py", line 89, in handle_cnx_method
    raise err
  File "/var/www/syshuman/quake/venv/lib/python3.12/site-packages/mysql/connector/_decorating.py", line 85, in handle_cnx_method
    return cnx_method(cnx, *args, **kwargs)
           ^^^^^^^^^^^^^^^^^^^^^^^^^^^^^^^^
  File "/var/www/syshuman/quake/venv/lib/python3.12/site-packages/mysql/connector/connection.py", line 737, in _handle_result
    if packet[4] == OK_STATUS:
       ~~~~~~^^^
IndexError: bytearray index out of range
Database connection established
[2026-02-05 23:11:42.109597] Status: pending - {'action': 'pending', 'prediction_id': 1, 'remaining_minutes': 16.2}
[2026-02-05 23:13:34.648794] New checkpoint detected: eqModel_complex_20260205_231240.pth
[2026-02-05 23:13:38.059286] Reloaded weights: eqModel_complex_20260205_231240.pth
[EMSC] Fetched 246 earthquakes for last 1 day(s)
Batch inserted 246 earthquakes
Executed ins_quakes()
[2026-02-05 23:13:40.529199] Status: pending - {'action': 'pending', 'prediction_id': 1, 'remaining_minutes': 14.3}
[EMSC] Fetched 247 earthquakes for last 1 day(s)
Batch inserted 247 earthquakes
Executed ins_quakes()
Calculating global M4+ dt for 1 new records...
Connection ping failed: bytearray index out of range, reconnecting...
Database connection established
Connection ping failed: bytearray index out of range, reconnecting...
Database connection established
Done calculating global M4+ dt for 1 records
[2026-02-05 23:15:42.738594] Status: pending - {'action': 'pending', 'prediction_id': 1, 'remaining_minutes': 12.2}
